  GLTexture.cpp
C:\Users\Omart\Downloads\GUC_312_64_46305_2024-10-31T17_10_38\GLTexture.cpp(61,16): warning C4996: '_strlwr': This function or variable may be unsafe. Consider using _strlwr_s instead. To disable deprecation, use _CRT_SECURE_NO_WARNINGS. See online help for details.
C:\Users\Omart\Downloads\GUC_312_64_46305_2024-10-31T17_10_38\GLTexture.cpp(65,17): warning C4996: 'strtok': This function or variable may be unsafe. Consider using strtok_s instead. To disable deprecation, use _CRT_SECURE_NO_WARNINGS. See online help for details.
C:\Users\Omart\Downloads\GUC_312_64_46305_2024-10-31T17_10_38\GLTexture.cpp(77,16): warning C4996: '_strlwr': This function or variable may be unsafe. Consider using _strlwr_s instead. To disable deprecation, use _CRT_SECURE_NO_WARNINGS. See online help for details.
C:\Users\Omart\Downloads\GUC_312_64_46305_2024-10-31T17_10_38\GLTexture.cpp(101,20): error C2664: 'AUX_RGBImageRec *auxDIBImageLoadW(LPCWSTR)': cannot convert argument 1 from 'char *' to 'LPCWSTR'
      C:\Users\Omart\Downloads\GUC_312_64_46305_2024-10-31T17_10_38\GLTexture.cpp(101,36):
      Types pointed to are unrelated; conversion requires reinterpret_cast, C-style cast or parenthesized function-style cast
      C:\Users\Omart\Downloads\GUC_312_64_46305_2024-10-31T17_10_38\GLAUX.H(311,28):
      see declaration of 'auxDIBImageLoadW'
      C:\Users\Omart\Downloads\GUC_312_64_46305_2024-10-31T17_10_38\GLTexture.cpp(101,20):
      while trying to match the argument list '(char *)'
  
C:\Users\Omart\Downloads\GUC_312_64_46305_2024-10-31T17_10_38\GLTexture.cpp(146,15): warning C4996: 'fopen': This function or variable may be unsafe. Consider using fopen_s instead. To disable deprecation, use _CRT_SECURE_NO_WARNINGS. See online help for details.
C:\Users\Omart\Downloads\GUC_312_64_46305_2024-10-31T17_10_38\GLTexture.cpp(230,16): error C2664: 'HRSRC FindResourceW(HMODULE,LPCWSTR,LPCWSTR)': cannot convert argument 2 from 'char *' to 'LPCWSTR'
      C:\Users\Omart\Downloads\GUC_312_64_46305_2024-10-31T17_10_38\GLTexture.cpp(230,32):
      Types pointed to are unrelated; conversion requires reinterpret_cast, C-style cast or parenthesized function-style cast
      C:\Program Files (x86)\Windows Kits\10\Include\10.0.22621.0\um\libloaderapi.h(579,1):
      see declaration of 'FindResourceW'
      C:\Users\Omart\Downloads\GUC_312_64_46305_2024-10-31T17_10_38\GLTexture.cpp(230,16):
      while trying to match the argument list '(int, char *, LPWSTR)'
  
C:\Users\Omart\Downloads\GUC_312_64_46305_2024-10-31T17_10_38\GLTexture.cpp(300,16): error C2664: 'HRSRC FindResourceW(HMODULE,LPCWSTR,LPCWSTR)': cannot convert argument 2 from 'char *' to 'LPCWSTR'
      C:\Users\Omart\Downloads\GUC_312_64_46305_2024-10-31T17_10_38\GLTexture.cpp(300,32):
      Types pointed to are unrelated; conversion requires reinterpret_cast, C-style cast or parenthesized function-style cast
      C:\Program Files (x86)\Windows Kits\10\Include\10.0.22621.0\um\libloaderapi.h(579,1):
      see declaration of 'FindResourceW'
      C:\Users\Omart\Downloads\GUC_312_64_46305_2024-10-31T17_10_38\GLTexture.cpp(300,16):
      while trying to match the argument list '(int, char *, const char [4])'
  
  OpenGL3DTemplate.cpp
C:\Users\Omart\Desktop\GUC\DoomDungeon\OpenGL3DTemplate.cpp(685,2): warning C4996: 'sprintf': This function or variable may be unsafe. Consider using sprintf_s instead. To disable deprecation, use _CRT_SECURE_NO_WARNINGS. See online help for details.
C:\Users\Omart\Desktop\GUC\DoomDungeon\OpenGL3DTemplate.cpp(1401,3): warning C4996: 'sprintf': This function or variable may be unsafe. Consider using sprintf_s instead. To disable deprecation, use _CRT_SECURE_NO_WARNINGS. See online help for details.
  Generating Code...
